
cdvdman_IMPORTS_start
I_sceCdInit
I_sceCdStandby
I_sceCdRead
I_sceCdSeek
I_sceCdGetError
I_sceCdSync
I_sceCdGetDiskType
I_sceCdDiskReady
I_sceCdTrayReq
I_sceCdStop
I_sceCdReadClock
cdvdman_IMPORTS_end

intrman_IMPORTS_start
I_CpuSuspendIntr
I_CpuResumeIntr
intrman_IMPORTS_end

iomanX_IMPORTS_start
I_AddDrv
I_DelDrv
iomanX_IMPORTS_end

sifcmd_IMPORTS_start
I_sceSifInitRpc
I_sceSifSetRpcQueue
I_sceSifRegisterRpc
I_sceSifRpcLoop
sifcmd_IMPORTS_end

stdio_IMPORTS_start
I_printf
stdio_IMPORTS_end

sysclib_IMPORTS_start
I_memcmp
I_memcpy
I_memset
I_strlen
I_strncmp
I_strtoul
I_strcpy
I_strcat
I_strchr
I_strncpy
I_strtok
I_strrchr
I_tolower
sysclib_IMPORTS_end

sysmem_IMPORTS_start
I_AllocSysMemory
I_FreeSysMemory
sysmem_IMPORTS_end

thbase_IMPORTS_start
I_CreateThread
I_StartThread
I_GetThreadId
I_DelayThread
thbase_IMPORTS_end
