
sysclib_IMPORTS_start
I_memset
I_strcmp
I_memcpy
sysclib_IMPORTS_end

loadcore_IMPORTS_start
I_FlushDcache
loadcore_IMPORTS_end

sifcmd_IMPORTS_start
I_sceSifInitRpc
I_sceSifSetRpcQueue
I_sceSifRegisterRpc
I_sceSifRpcLoop
sifcmd_IMPORTS_end

stdio_IMPORTS_start
I_printf
stdio_IMPORTS_end

thsemap_IMPORTS_start
I_CreateSema
I_SignalSema
I_WaitSema
I_PollSema
I_DeleteSema
thsemap_IMPORTS_end

thbase_IMPORTS_start
I_StartThread
I_CreateThread
I_USec2SysClock
I_iSetAlarm
I_SetAlarm
I_CancelAlarm
thbase_IMPORTS_end

thevent_IMPORTS_start
I_WaitEventFlag
I_iSetEventFlag
I_CreateEventFlag
thevent_IMPORTS_end

sysmem_IMPORTS_start
I_AllocSysMemory
I_FreeSysMemory
sysmem_IMPORTS_end

usbd_IMPORTS_start
I_UsbGetDeviceStaticDescriptor
I_UsbOpenEndpoint
I_UsbSetDevicePrivateData
I_UsbTransfer
I_UsbRegisterDriver
usbd_IMPORTS_end
